Using pre-set license
Built from '2020.2/release' branch; Version is '2020.2.2f1 (068178b99f32) revision 426360'; Using compiler version '192528614'; Build Type 'Release'
OS: 'Windows 10 Home; OS build 19042.1348; Version 2009; 64bit' Language: 'en' Physical Memory: 16323 MB
BatchMode: 1, IsHumanControllingUs: 0, StartBugReporterOnCrash: 0, Is64bit: 1, IsPro: 0

 COMMAND LINE ARGUMENTS:
C:\Program Files\Unity\Hub\Editor\2020.2.2f1\Editor\Unity.exe
-adb2
-batchMode
-noUpm
-name
AssetImportWorker0
-projectPath
C:/Users/danny/OneDrive/Documents/GitHub/Astro-Stellar--MP-Game-
-logFile
Logs/AssetImportWorker0.log
-srvPort
57444
Successfully changed project path to: C:/Users/danny/OneDrive/Documents/GitHub/Astro-Stellar--MP-Game-
C:/Users/danny/OneDrive/Documents/GitHub/Astro-Stellar--MP-Game-
Using Asset Import Pipeline V2.
Refreshing native plugins compatible for Editor in 41.91 ms, found 1 plugins.
Preloading 0 native plugins for Editor in 0.00 ms.
Initialize engine version: 2020.2.2f1 (068178b99f32)
[Subsystems] Discovering subsystems at path C:/Program Files/Unity/Hub/Editor/2020.2.2f1/Editor/Data/Resources/UnitySubsystems
[Subsystems] Discovering subsystems at path C:/Users/danny/OneDrive/Documents/GitHub/Astro-Stellar--MP-Game-/Assets
GfxDevice: creating device client; threaded=0
Direct3D:
    Version:  Direct3D 11.0 [level 11.1]
    Renderer: Radeon RX 570 Series (ID=0x67df)
    Vendor:   
    VRAM:     4075 MB
    Driver:   27.20.1034.6
Initialize mono
Mono path[0] = 'C:/Program Files/Unity/Hub/Editor/2020.2.2f1/Editor/Data/Managed'
Mono path[1] = 'C:/Program Files/Unity/Hub/Editor/2020.2.2f1/Editor/Data/MonoBleedingEdge/lib/mono/unityjit'
Mono config path = 'C:/Program Files/Unity/Hub/Editor/2020.2.2f1/Editor/Data/MonoBleedingEdge/etc'
Using monoOptions --debugger-agent=transport=dt_socket,embedding=1,server=y,suspend=n,address=127.0.0.1:56372
Begin MonoManager ReloadAssembly
Registering precompiled unity dll's ...
Register platform support module: C:/Program Files/Unity/Hub/Editor/2020.2.2f1/Editor/Data/PlaybackEngines/WindowsStandaloneSupport/UnityEditor.WindowsStandalone.Extensions.dll
Registered in 0.002503 seconds.
Native extension for WindowsStandalone target not found
Refreshing native plugins compatible for Editor in 43.09 ms, found 1 plugins.
Preloading 0 native plugins for Editor in 0.00 ms.
Invoked RoslynAnalysisRunner static constructor.
RoslynAnalysisRunner will not be running.
RoslynAnalysisRunner has terminated.
Mono: successfully reloaded assembly
- Completed reload, in  1.185 seconds
Platform modules already initialized, skipping
Registering precompiled user dll's ...
Registered in 0.003181 seconds.
Begin MonoManager ReloadAssembly
Native extension for WindowsStandalone target not found
Refreshing native plugins compatible for Editor in 0.48 ms, found 1 plugins.
Preloading 0 native plugins for Editor in 0.00 ms.
Invoked RoslynAnalysisRunner static constructor.
RoslynAnalysisRunner will not be running.
RoslynAnalysisRunner has terminated.
Mono: successfully reloaded assembly
- Completed reload, in  1.135 seconds
Platform modules already initialized, skipping
========================================================================
Worker process is ready to serve import requests
Launched and connected shader compiler UnityShaderCompiler.exe after 0.04 seconds
Refreshing native plugins compatible for Editor in 0.50 ms, found 1 plugins.
Preloading 0 native plugins for Editor in 0.00 ms.
Unloading 2041 Unused Serialized files (Serialized files now loaded: 0)
System memory in use before: 92.0 MB.
System memory in use after: 92.1 MB.

Unloading 78 unused Assets to reduce memory usage. Loaded Objects now: 2469.
Total: 2.862800 ms (FindLiveObjects: 0.225300 ms CreateObjectMapping: 0.105800 ms MarkObjects: 2.315000 ms  DeleteObjects: 0.215800 ms)

========================================================================
Received Import Request.
  path: Assets/Models/Danielle's/Materials/Rock_1.mat
  artifactKey: Guid(8547940a62c65f1419da347c41f708be) Importer(815301076,1909f56bfc062723c751e8b465ee728b)
Start importing Assets/Models/Danielle's/Materials/Rock_1.mat using Guid(8547940a62c65f1419da347c41f708be) Importer(815301076,1909f56bfc062723c751e8b465ee728b)  -> (artifact id: '22e6cc38b4d102a63a0dddfa3ac0aec4') in 0.137836 seconds
  Import took 0.142148 seconds .

========================================================================
Received Import Request.
  Time since last request: 0.000341 seconds.
  path: Assets/Models/Danielle's/Materials/Rock_2.mat
  artifactKey: Guid(f890cd42cc63560468e5c69c56ae6a96) Importer(815301076,1909f56bfc062723c751e8b465ee728b)
Start importing Assets/Models/Danielle's/Materials/Rock_2.mat using Guid(f890cd42cc63560468e5c69c56ae6a96) Importer(815301076,1909f56bfc062723c751e8b465ee728b)  -> (artifact id: '0c22b66e240faeb7df6a7333456d8d16') in 0.027365 seconds
  Import took 0.031504 seconds .

========================================================================
Received Import Request.
  Time since last request: 0.000247 seconds.
  path: Assets/Models/Danielle's/Materials/Rock_3.mat
  artifactKey: Guid(4de7e9fe9796c584680e9ccb68028d2a) Importer(815301076,1909f56bfc062723c751e8b465ee728b)
Start importing Assets/Models/Danielle's/Materials/Rock_3.mat using Guid(4de7e9fe9796c584680e9ccb68028d2a) Importer(815301076,1909f56bfc062723c751e8b465ee728b)  -> (artifact id: 'b88789e2d4d01ae555f64fb8a941546d') in 0.026252 seconds
  Import took 0.030420 seconds .

AssetImportWorkerClient::OnTransportError - code=2 error=End of file
