Using pre-set license
Built from '2020.2/release' branch; Version is '2020.2.2f1 (068178b99f32) revision 426360'; Using compiler version '192528614'; Build Type 'Release'
OS: 'Windows 10 Pro; OS build 22000.194; Version 2009; 64bit' Language: 'en' Physical Memory: 32703 MB
BatchMode: 1, IsHumanControllingUs: 0, StartBugReporterOnCrash: 0, Is64bit: 1, IsPro: 0

 COMMAND LINE ARGUMENTS:
C:\Program Files\Unity\Hub\Editor\2020.2.2f1\Editor\Unity.exe
-adb2
-batchMode
-noUpm
-name
AssetImportWorker0
-projectPath
F:/Unity Projects/Astro-Stellar -MP Game-/Astro-Stellar--MP-Game-
-logFile
Logs/AssetImportWorker0.log
-srvPort
49219
Successfully changed project path to: F:/Unity Projects/Astro-Stellar -MP Game-/Astro-Stellar--MP-Game-
F:/Unity Projects/Astro-Stellar -MP Game-/Astro-Stellar--MP-Game-
Using Asset Import Pipeline V2.
Refreshing native plugins compatible for Editor in 40.94 ms, found 1 plugins.
Preloading 0 native plugins for Editor in 0.00 ms.
Initialize engine version: 2020.2.2f1 (068178b99f32)
[Subsystems] Discovering subsystems at path C:/Program Files/Unity/Hub/Editor/2020.2.2f1/Editor/Data/Resources/UnitySubsystems
[Subsystems] Discovering subsystems at path F:/Unity Projects/Astro-Stellar -MP Game-/Astro-Stellar--MP-Game-/Assets
GfxDevice: creating device client; threaded=0
Direct3D:
    Version:  Direct3D 11.0 [level 11.1]
    Renderer: NVIDIA GeForce RTX 3080 (ID=0x2206)
    Vendor:   
    VRAM:     10078 MB
    Driver:   30.0.14.7212
Initialize mono
Mono path[0] = 'C:/Program Files/Unity/Hub/Editor/2020.2.2f1/Editor/Data/Managed'
Mono path[1] = 'C:/Program Files/Unity/Hub/Editor/2020.2.2f1/Editor/Data/MonoBleedingEdge/lib/mono/unityjit'
Mono config path = 'C:/Program Files/Unity/Hub/Editor/2020.2.2f1/Editor/Data/MonoBleedingEdge/etc'
Using monoOptions --debugger-agent=transport=dt_socket,embedding=1,server=y,suspend=n,address=127.0.0.1:56904
Begin MonoManager ReloadAssembly
Registering precompiled unity dll's ...
Register platform support module: C:/Program Files/Unity/Hub/Editor/2020.2.2f1/Editor/Data/PlaybackEngines/WebGLSupport/UnityEditor.WebGL.Extensions.dll
Register platform support module: C:/Program Files/Unity/Hub/Editor/2020.2.2f1/Editor/Data/PlaybackEngines/WindowsStandaloneSupport/UnityEditor.WindowsStandalone.Extensions.dll
Registered in 0.002308 seconds.
Native extension for WindowsStandalone target not found
Native extension for WebGL target not found
Refreshing native plugins compatible for Editor in 39.19 ms, found 1 plugins.
Preloading 0 native plugins for Editor in 0.00 ms.
Invoked RoslynAnalysisRunner static constructor.
RoslynAnalysisRunner will not be running.
RoslynAnalysisRunner has terminated.
Mono: successfully reloaded assembly
- Completed reload, in  2.824 seconds
Platform modules already initialized, skipping
Registering precompiled user dll's ...
Registered in 0.003767 seconds.
Begin MonoManager ReloadAssembly
Native extension for WindowsStandalone target not found
Native extension for WebGL target not found
Refreshing native plugins compatible for Editor in 0.36 ms, found 1 plugins.
Preloading 0 native plugins for Editor in 0.00 ms.
Invoked RoslynAnalysisRunner static constructor.
RoslynAnalysisRunner will not be running.
RoslynAnalysisRunner has terminated.
Mono: successfully reloaded assembly
- Completed reload, in  1.228 seconds
Platform modules already initialized, skipping
========================================================================
Worker process is ready to serve import requests
Launched and connected shader compiler UnityShaderCompiler.exe after 0.05 seconds
Refreshing native plugins compatible for Editor in 0.40 ms, found 1 plugins.
Preloading 0 native plugins for Editor in 0.00 ms.
Unloading 2041 Unused Serialized files (Serialized files now loaded: 0)
System memory in use before: 103.0 MB.
System memory in use after: 103.1 MB.

Unloading 79 unused Assets to reduce memory usage. Loaded Objects now: 2485.
Total: 4.130100 ms (FindLiveObjects: 0.404800 ms CreateObjectMapping: 0.129100 ms MarkObjects: 3.293200 ms  DeleteObjects: 0.300900 ms)

========================================================================
Received Import Request.
  path: Assets/New Terrain.asset
  artifactKey: Guid(cef81b12cde7d1e4f84d6619406f0f0f) Importer(815301076,1909f56bfc062723c751e8b465ee728b)
Start importing Assets/New Terrain.asset using Guid(cef81b12cde7d1e4f84d6619406f0f0f) Importer(815301076,1909f56bfc062723c751e8b465ee728b)  -> (artifact id: 'f935ace5d535dfacc7ef1ab5f51620b8') in 0.091833 seconds
  Import took 0.118668 seconds .

========================================================================
Received Import Request.
  Time since last request: 77.991044 seconds.
  path: Assets/New Terrain.asset
  artifactKey: Guid(cef81b12cde7d1e4f84d6619406f0f0f) Importer(815301076,1909f56bfc062723c751e8b465ee728b)
Start importing Assets/New Terrain.asset using Guid(cef81b12cde7d1e4f84d6619406f0f0f) Importer(815301076,1909f56bfc062723c751e8b465ee728b)  -> (artifact id: '02e8c42ab248e5cd7000f6ff8a9a38ad') in 0.020467 seconds
  Import took 0.044229 seconds .

========================================================================
Received Import Request.
  Time since last request: 53.963098 seconds.
  path: Assets/Astro-Stellar
  artifactKey: Guid(44d96d72a4d67ab4090d0669ad81b3ed) Importer(815301076,1909f56bfc062723c751e8b465ee728b)
Start importing Assets/Astro-Stellar using Guid(44d96d72a4d67ab4090d0669ad81b3ed) Importer(815301076,1909f56bfc062723c751e8b465ee728b)  -> (artifact id: 'f6b9a85032add59a87df067e67b09169') in 0.038663 seconds
  Import took 0.051813 seconds .

========================================================================
Received Import Request.
  Time since last request: 215.856046 seconds.
  path: Assets/Astro-Stellar/Scripts
  artifactKey: Guid(92ddd2447cb6fb94797e4200456e24f5) Importer(815301076,1909f56bfc062723c751e8b465ee728b)
Start importing Assets/Astro-Stellar/Scripts using Guid(92ddd2447cb6fb94797e4200456e24f5) Importer(815301076,1909f56bfc062723c751e8b465ee728b)  -> (artifact id: 'cf0f37ba57dbe7deabcbe2f8e1b6d42b') in 0.035676 seconds
  Import took 0.053164 seconds .

========================================================================
Received Import Request.
  Time since last request: 5.876978 seconds.
  path: Assets/Astro-Stellar/Prefabs
  artifactKey: Guid(73827b5c5bb0c0e4bb6efbc435f4c1f7) Importer(815301076,1909f56bfc062723c751e8b465ee728b)
Start importing Assets/Astro-Stellar/Prefabs using Guid(73827b5c5bb0c0e4bb6efbc435f4c1f7) Importer(815301076,1909f56bfc062723c751e8b465ee728b)  -> (artifact id: '5a26d8503c87d7146fd3275bd18a27c6') in 0.052920 seconds
  Import took 0.056244 seconds .

========================================================================
Received Import Request.
  Time since last request: 74.248064 seconds.
  path: Assets/Astro-Stellar/Prefabs/Rock (1).prefab
  artifactKey: Guid(a3ba846c4e87bf94dbd60f3c0e4fde28) Importer(815301076,1909f56bfc062723c751e8b465ee728b)
Start importing Assets/Astro-Stellar/Prefabs/Rock (1).prefab using Guid(a3ba846c4e87bf94dbd60f3c0e4fde28) Importer(815301076,1909f56bfc062723c751e8b465ee728b)  -> (artifact id: '0b24d62f6d36405a01f1874cf73f14ae') in 0.066662 seconds
  Import took 0.077479 seconds .

========================================================================
Received Import Request.
  Time since last request: 0.002176 seconds.
  path: Assets/Astro-Stellar/Prefabs/Rock (1).prefab
  artifactKey: Guid(a3ba846c4e87bf94dbd60f3c0e4fde28) Importer(815301076,1909f56bfc062723c751e8b465ee728b)
Start importing Assets/Astro-Stellar/Prefabs/Rock (1).prefab using Guid(a3ba846c4e87bf94dbd60f3c0e4fde28) Importer(815301076,1909f56bfc062723c751e8b465ee728b)  -> (artifact id: '0b24d62f6d36405a01f1874cf73f14ae') in 0.043986 seconds
  Import took 0.047249 seconds .

========================================================================
Received Import Request.
  Time since last request: 4.095220 seconds.
  path: Assets/Astro-Stellar/Prefabs/Small Rock.prefab
  artifactKey: Guid(a3ba846c4e87bf94dbd60f3c0e4fde28) Importer(815301076,1909f56bfc062723c751e8b465ee728b)
Start importing Assets/Astro-Stellar/Prefabs/Small Rock.prefab using Guid(a3ba846c4e87bf94dbd60f3c0e4fde28) Importer(815301076,1909f56bfc062723c751e8b465ee728b)  -> (artifact id: '3c7fc2b69c34bb90022847d6d434ff48') in 0.045025 seconds
  Import took 0.066450 seconds .

========================================================================
Received Import Request.
  Time since last request: 0.002818 seconds.
  path: Assets/Astro-Stellar/Prefabs/Small Rock.prefab
  artifactKey: Guid(a3ba846c4e87bf94dbd60f3c0e4fde28) Importer(815301076,1909f56bfc062723c751e8b465ee728b)
Start importing Assets/Astro-Stellar/Prefabs/Small Rock.prefab using Guid(a3ba846c4e87bf94dbd60f3c0e4fde28) Importer(815301076,1909f56bfc062723c751e8b465ee728b)  -> (artifact id: '3c7fc2b69c34bb90022847d6d434ff48') in 0.033542 seconds
  Import took 0.036511 seconds .

========================================================================
Received Import Request.
  Time since last request: 22.459577 seconds.
  path: Assets/Astro-Stellar/Prefabs/Rock (2).prefab
  artifactKey: Guid(8f73b4bc308833e4fa5e6800b7e54377) Importer(815301076,1909f56bfc062723c751e8b465ee728b)
Start importing Assets/Astro-Stellar/Prefabs/Rock (2).prefab using Guid(8f73b4bc308833e4fa5e6800b7e54377) Importer(815301076,1909f56bfc062723c751e8b465ee728b)  -> (artifact id: '0f648408c11f56e4ccfa4921672bf373') in 0.049349 seconds
  Import took 0.053018 seconds .

========================================================================
Received Import Request.
  Time since last request: 0.004726 seconds.
  path: Assets/Astro-Stellar/Prefabs/Rock (2).prefab
  artifactKey: Guid(8f73b4bc308833e4fa5e6800b7e54377) Importer(815301076,1909f56bfc062723c751e8b465ee728b)
Start importing Assets/Astro-Stellar/Prefabs/Rock (2).prefab using Guid(8f73b4bc308833e4fa5e6800b7e54377) Importer(815301076,1909f56bfc062723c751e8b465ee728b)  -> (artifact id: '0f648408c11f56e4ccfa4921672bf373') in 0.030096 seconds
  Import took 0.033177 seconds .

========================================================================
Received Import Request.
  Time since last request: 2.749454 seconds.
  path: Assets/Astro-Stellar/Prefabs/Big Rock.prefab
  artifactKey: Guid(8f73b4bc308833e4fa5e6800b7e54377) Importer(815301076,1909f56bfc062723c751e8b465ee728b)
Start importing Assets/Astro-Stellar/Prefabs/Big Rock.prefab using Guid(8f73b4bc308833e4fa5e6800b7e54377) Importer(815301076,1909f56bfc062723c751e8b465ee728b)  -> (artifact id: 'e126326c0e21ee15d474882f0946b2d1') in 0.041518 seconds
  Import took 0.067428 seconds .

========================================================================
Received Import Request.
  Time since last request: 171.869149 seconds.
  path: Assets/Astro-Stellar/Prefabs/Rock.prefab
  artifactKey: Guid(50a3508a801134b48acf3148fff4eb57) Importer(815301076,1909f56bfc062723c751e8b465ee728b)
Start importing Assets/Astro-Stellar/Prefabs/Rock.prefab using Guid(50a3508a801134b48acf3148fff4eb57) Importer(815301076,1909f56bfc062723c751e8b465ee728b)  -> (artifact id: '4c8c21a7658fef9fc811cc0ec8bf1f33') in 0.043221 seconds
  Import took 0.066681 seconds .

========================================================================
Received Import Request.
  Time since last request: 4.028341 seconds.
  path: Assets/Astro-Stellar/Prefabs/Regular Rock.prefab
  artifactKey: Guid(50a3508a801134b48acf3148fff4eb57) Importer(815301076,1909f56bfc062723c751e8b465ee728b)
Start importing Assets/Astro-Stellar/Prefabs/Regular Rock.prefab using Guid(50a3508a801134b48acf3148fff4eb57) Importer(815301076,1909f56bfc062723c751e8b465ee728b)  -> (artifact id: '4be3b6e4d584371606fdc2375ed9273b') in 0.026534 seconds
  Import took 0.030017 seconds .

